# JRE version: OpenJDK Runtime Environment (8.0_242-b01) (build 1.8.0_242-release-1644-b01)
# Java VM: OpenJDK 64-Bit Server VM (25.242-b01 mixed mode windows-amd64 compressed oops)
Heap:
 PSYoungGen      total 90112K, used 60553K [0x00000000d5f00000, 0x00000000de180000, 0x0000000100000000)
  eden space 66560K, 90% used [0x00000000d5f00000,0x00000000d9a22670,0x00000000da000000)
  from space 23552K, 0% used [0x00000000db580000,0x00000000db580000,0x00000000dcc80000)
  to   space 22016K, 0% used [0x00000000da000000,0x00000000da000000,0x00000000db580000)
 ParOldGen       total 92160K, used 42114K [0x0000000081c00000, 0x0000000087600000, 0x00000000d5f00000)
  object space 92160K, 45% used [0x0000000081c00000,0x0000000084520958,0x0000000087600000)
 Metaspace       used 39202K, capacity 39808K, committed 40152K, reserved 1085440K
  class space    used 4827K, capacity 5010K, committed 5120K, reserved 1048576K
GC Heap History (10 events):
Event: 2.807 GC heap before
{Heap before GC invocations=4 (full 1):
 PSYoungGen      total 38400K, used 5101K [0x00000000d5f00000, 0x00000000daa00000, 0x0000000100000000)
  eden space 33280K, 0% used [0x00000000d5f00000,0x00000000d5f00000,0x00000000d7f80000)
  from space 5120K, 99% used [0x00000000d7f80000,0x00000000d847b660,0x00000000d8480000)
  to   space 5120K, 0% used [0x00000000da500000,0x00000000da500000,0x00000000daa00000)
 ParOldGen       total 87552K, used 25239K [0x0000000081c00000, 0x0000000087180000, 0x00000000d5f00000)
  object space 87552K, 28% used [0x0000000081c00000,0x00000000834a5f08,0x0000000087180000)
 Metaspace       used 20706K, capacity 21128K, committed 21248K, reserved 1069056K
  class space    used 2364K, capacity 2536K, committed 2560K, reserved 1048576K
Event: 2.893 GC heap after
Heap after GC invocations=4 (full 1):
 PSYoungGen      total 38400K, used 0K [0x00000000d5f00000, 0x00000000daa00000, 0x0000000100000000)
  eden space 33280K, 0% used [0x00000000d5f00000,0x00000000d5f00000,0x00000000d7f80000)
  from space 5120K, 0% used [0x00000000d7f80000,0x00000000d7f80000,0x00000000d8480000)
  to   space 5120K, 0% used [0x00000000da500000,0x00000000da500000,0x00000000daa00000)
 ParOldGen       total 92160K, used 22189K [0x0000000081c00000, 0x0000000087600000, 0x00000000d5f00000)
  object space 92160K, 24% used [0x0000000081c00000,0x00000000831ab730,0x0000000087600000)
 Metaspace       used 20706K, capacity 21128K, committed 21248K, reserved 1069056K
  class space    used 2364K, capacity 2536K, committed 2560K, reserved 1048576K
}
Event: 3.914 GC heap before
{Heap before GC invocations=5 (full 1):
 PSYoungGen      total 38400K, used 33280K [0x00000000d5f00000, 0x00000000daa00000, 0x0000000100000000)
  eden space 33280K, 100% used [0x00000000d5f00000,0x00000000d7f80000,0x00000000d7f80000)
  from space 5120K, 0% used [0x00000000d7f80000,0x00000000d7f80000,0x00000000d8480000)
  to   space 5120K, 0% used [0x00000000da500000,0x00000000da500000,0x00000000daa00000)
 ParOldGen       total 92160K, used 22189K [0x0000000081c00000, 0x0000000087600000, 0x00000000d5f00000)
  object space 92160K, 24% used [0x0000000081c00000,0x00000000831ab730,0x0000000087600000)
 Metaspace       used 24451K, capacity 24960K, committed 25088K, reserved 1071104K
  class space    used 3115K, capacity 3269K, committed 3328K, reserved 1048576K
Event: 3.923 GC heap after
Heap after GC invocations=5 (full 1):
 PSYoungGen      total 52224K, used 5102K [0x00000000d5f00000, 0x00000000daa00000, 0x0000000100000000)
  eden space 47104K, 0% used [0x00000000d5f00000,0x00000000d5f00000,0x00000000d8d00000)
  from space 5120K, 99% used [0x00000000da500000,0x00000000da9fb998,0x00000000daa00000)
  to   space 5120K, 0% used [0x00000000da000000,0x00000000da000000,0x00000000da500000)
 ParOldGen       total 92160K, used 24073K [0x0000000081c00000, 0x0000000087600000, 0x00000000d5f00000)
  object space 92160K, 26% used [0x0000000081c00000,0x0000000083382778,0x0000000087600000)
 Metaspace       used 24451K, capacity 24960K, committed 25088K, reserved 1071104K
  class space    used 3115K, capacity 3269K, committed 3328K, reserved 1048576K
}
Event: 5.083 GC heap before
{Heap before GC invocations=6 (full 1):
 PSYoungGen      total 52224K, used 52206K [0x00000000d5f00000, 0x00000000daa00000, 0x0000000100000000)
  eden space 47104K, 100% used [0x00000000d5f00000,0x00000000d8d00000,0x00000000d8d00000)
  from space 5120K, 99% used [0x00000000da500000,0x00000000da9fb998,0x00000000daa00000)
  to   space 5120K, 0% used [0x00000000da000000,0x00000000da000000,0x00000000da500000)
 ParOldGen       total 92160K, used 24073K [0x0000000081c00000, 0x0000000087600000, 0x00000000d5f00000)
  object space 92160K, 26% used [0x0000000081c00000,0x0000000083382778,0x0000000087600000)
 Metaspace       used 29833K, capacity 30316K, committed 30592K, reserved 1075200K
  class space    used 3714K, capacity 3852K, committed 3968K, reserved 1048576K
Event: 5.097 GC heap after
Heap after GC invocations=6 (full 1):
 PSYoungGen      total 70144K, used 5103K [0x00000000d5f00000, 0x00000000dcc80000, 0x0000000100000000)
  eden space 65024K, 0% used [0x00000000d5f00000,0x00000000d5f00000,0x00000000d9e80000)
  from space 5120K, 99% used [0x00000000da000000,0x00000000da4fbe80,0x00000000da500000)
  to   space 23552K, 0% used [0x00000000db580000,0x00000000db580000,0x00000000dcc80000)
 ParOldGen       total 92160K, used 34393K [0x0000000081c00000, 0x0000000087600000, 0x00000000d5f00000)
  object space 92160K, 37% used [0x0000000081c00000,0x0000000083d96760,0x0000000087600000)
 Metaspace       used 29833K, capacity 30316K, committed 30592K, reserved 1075200K
  class space    used 3714K, capacity 3852K, committed 3968K, reserved 1048576K
}
Event: 5.794 GC heap before
{Heap before GC invocations=7 (full 1):
 PSYoungGen      total 70144K, used 33917K [0x00000000d5f00000, 0x00000000dcc80000, 0x0000000100000000)
  eden space 65024K, 44% used [0x00000000d5f00000,0x00000000d7b23868,0x00000000d9e80000)
  from space 5120K, 99% used [0x00000000da000000,0x00000000da4fbe80,0x00000000da500000)
  to   space 23552K, 0% used [0x00000000db580000,0x00000000db580000,0x00000000dcc80000)
 ParOldGen       total 92160K, used 34393K [0x0000000081c00000, 0x0000000087600000, 0x00000000d5f00000)
  object space 92160K, 37% used [0x0000000081c00000,0x0000000083d96760,0x0000000087600000)
 Metaspace       used 34650K, capacity 35174K, committed 35416K, reserved 1081344K
  class space    used 4306K, capacity 4465K, committed 4480K, reserved 1048576K
Event: 5.807 GC heap after
Heap after GC invocations=7 (full 1):
 PSYoungGen      total 90112K, used 13002K [0x00000000d5f00000, 0x00000000de180000, 0x0000000100000000)
  eden space 66560K, 0% used [0x00000000d5f00000,0x00000000d5f00000,0x00000000da000000)
  from space 23552K, 55% used [0x00000000db580000,0x00000000dc2329a8,0x00000000dcc80000)
  to   space 22016K, 0% used [0x00000000da000000,0x00000000da000000,0x00000000db580000)
 ParOldGen       total 92160K, used 34401K [0x0000000081c00000, 0x0000000087600000, 0x00000000d5f00000)
  object space 92160K, 37% used [0x0000000081c00000,0x0000000083d98760,0x0000000087600000)
 Metaspace       used 34650K, capacity 35174K, committed 35416K, reserved 1081344K
  class space    used 4306K, capacity 4465K, committed 4480K, reserved 1048576K
}
Event: 5.807 GC heap before
{Heap before GC invocations=8 (full 2):
 PSYoungGen      total 90112K, used 13002K [0x00000000d5f00000, 0x00000000de180000, 0x0000000100000000)
  eden space 66560K, 0% used [0x00000000d5f00000,0x00000000d5f00000,0x00000000da000000)
  from space 23552K, 55% used [0x00000000db580000,0x00000000dc2329a8,0x00000000dcc80000)
  to   space 22016K, 0% used [0x00000000da000000,0x00000000da000000,0x00000000db580000)
 ParOldGen       total 92160K, used 34401K [0x0000000081c00000, 0x0000000087600000, 0x00000000d5f00000)
  object space 92160K, 37% used [0x0000000081c00000,0x0000000083d98760,0x0000000087600000)
 Metaspace       used 34650K, capacity 35174K, committed 35416K, reserved 1081344K
  class space    used 4306K, capacity 4465K, committed 4480K, reserved 1048576K
Event: 5.904 GC heap after
Heap after GC invocations=8 (full 2):
 PSYoungGen      total 90112K, used 0K [0x00000000d5f00000, 0x00000000de180000, 0x0000000100000000)
  eden space 66560K, 0% used [0x00000000d5f00000,0x00000000d5f00000,0x00000000da000000)
  from space 23552K, 0% used [0x00000000db580000,0x00000000db580000,0x00000000dcc80000)
  to   space 22016K, 0% used [0x00000000da000000,0x00000000da000000,0x00000000db580000)
 ParOldGen       total 92160K, used 42114K [0x0000000081c00000, 0x0000000087600000, 0x00000000d5f00000)
  object space 92160K, 45% used [0x0000000081c00000,0x0000000084520958,0x0000000087600000)
 Metaspace       used 34650K, capacity 35174K, committed 35416K, reserved 1081344K
  class space    used 4306K, capacity 4465K, committed 4480K, reserved 1048576K
}

